This is pdfTeXk, Version 3.1415926-1.40.9 (Web2C 7.5.7) (format=.FallDetectionAndroid 2011.4.17)  17 APR 2011 12:13
entering extended mode
 %&-line parsing enabled.
**&.FallDetectionAndroid "./.FallDetectionAndroid.tex"
(./.FallDetectionAndroid.tex
LaTeX2e <2005/12/01>
Babel <v3.8l> and hyphenation patterns for english, usenglishmax, dumylang, noh
yphenation, german-x-2008-06-18, ngerman-x-2008-06-18, ancientgreek, ibycus, ar
abic, basque, bulgarian, catalan, pinyin, coptic, croatian, czech, danish, dutc
h, esperanto, estonian, farsi, finnish, french, galician, german, ngerman, mono
greek, greek, hungarian, icelandic, indonesian, interlingua, irish, italian, la
tin, mongolian, mongolian2a, bokmal, nynorsk, polish, portuguese, romanian, rus
sian, sanskrit, serbian, slovak, slovenian, spanish, swedish, turkish, ukenglis
h, ukrainian, uppersorbian, welsh, loaded.
(./.FallDetectionAndroid.aux)
\openout1 = `.FallDetectionAndroid.aux'.

LaTeX Font Info:    Checking defaults for OML/cmm/m/it on input line 97.
LaTeX Font Info:    ... okay on input line 97.
LaTeX Font Info:    Checking defaults for T1/cmr/m/n on input line 97.
LaTeX Font Info:    ... okay on input line 97.
LaTeX Font Info:    Checking defaults for OT1/cmr/m/n on input line 97.
LaTeX Font Info:    ... okay on input line 97.
LaTeX Font Info:    Checking defaults for OMS/cmsy/m/n on input line 97.
LaTeX Font Info:    ... okay on input line 97.
LaTeX Font Info:    Checking defaults for OMX/cmex/m/n on input line 97.
LaTeX Font Info:    ... okay on input line 97.
LaTeX Font Info:    Checking defaults for U/cmr/m/n on input line 97.
LaTeX Font Info:    ... okay on input line 97.
\c@lstlisting=\count119
(/usr/local/texlive/2008/texmf-dist/tex/context/base/supp-pdf.tex
[Loading MPS to PDF converter (version 2006.09.02).]
\scratchcounter=\count120
\scratchdimen=\dimen123
\scratchbox=\box34
\nofMPsegments=\count121
\nofMParguments=\count122
\everyMPshowfont=\toks28
\MPscratchCnt=\count123
\MPscratchDim=\dimen124
\MPnumerator=\count124
\everyMPtoPDFconversion=\toks29
)
Package minitoc(hints) Info: I0049
(minitoc(hints))             ==> You requested the hints option. 
(minitoc(hints))             Some hints are eventually given below.

LaTeX Font Warning: Font shape `OT1/cmss/m/it' in size <10> not available
(Font)              Font shape `OT1/cmss/m/sl' tried instead on input line 112.


[1{/usr/local/texlive/2008/texmf-var/fonts/map/pdftex/updmap/pdftex.map}]
LaTeX Font Info:    Try loading font information for OMS+cmss on input line 131
.
LaTeX Font Info:    No file OMScmss.fd. on input line 131.

LaTeX Font Warning: Font shape `OMS/cmss/m/n' undefined
(Font)              using `OMS/cmsy/m/n' instead
(Font)              for symbol `textbraceleft' on input line 131.


LaTeX Font Warning: Font shape `OT1/cmss/m/it' in size <8> not available
(Font)              Font shape `OT1/cmss/m/sl' tried instead on input line 153.


[2]
LaTeX Font Info:    Try loading font information for OML+cmss on input line 173
.
LaTeX Font Info:    No file OMLcmss.fd. on input line 173.

LaTeX Font Warning: Font shape `OML/cmss/m/n' undefined
(Font)              using `OML/cmm/m/it' instead
(Font)              for symbol `textgreater' on input line 173.

[3] [4] [5] [6] <simulator.png, id=37, 672.5125pt x 292.09125pt>
File: simulator.png Graphic file (type png)
<use simulator.png>
Overfull \hbox (0.79999pt too wide) in paragraph at lines 415--415
 [][][] 
 []

Package minitoc Info: I0009
(minitoc)             Listing minitoc auxiliary files. 
(minitoc)             Creating the .FallDetectionAndroid.maf file.
\openout3 = `.FallDetectionAndroid.maf'.

Package minitoc(hints) Info: I0053
(minitoc(hints))             You have loaded the float package; 
(minitoc(hints))             please be aware that the minitoc package 
(minitoc(hints))             facilities can not be used for new types 
(minitoc(hints))             of floats defined by the float package.

Package minitoc(hints) Warning: W0024
(minitoc(hints))                Some hints have been written 
(minitoc(hints))                in the .FallDetectionAndroid.log file.

[7 <./simulator.png (PNG copy)>] (./.FallDetectionAndroid.aux)

LaTeX Font Warning: Some font shapes were not available, defaults substituted.

 ) 
Here is how much of TeX's memory you used:
 1069 strings out of 488627
 12106 string characters out of 1082089
 331154 words of memory out of 3000000
 9306 multiletter control sequences out of 10000+50000
 11218 words of font info for 40 fonts, out of 3000000 for 5000
 714 hyphenation exceptions out of 8191
 24i,9n,23p,1364b,1609s stack positions out of 5000i,500n,10000p,200000b,50000s
</usr/local/texlive/2008/texmf-dist/fonts/type1/bluesky/cm/cmex10.pfb></usr/l
ocal/texlive/2008/texmf-dist/fonts/type1/bluesky/cm/cmmi10.pfb></usr/local/texl
ive/2008/texmf-dist/fonts/type1/bluesky/cm/cmmi6.pfb></usr/local/texlive/2008/t
exmf-dist/fonts/type1/bluesky/cm/cmmi7.pfb></usr/local/texlive/2008/texmf-dist/
fonts/type1/bluesky/cm/cmmi8.pfb></usr/local/texlive/2008/texmf-dist/fonts/type
1/bluesky/cm/cmr10.pfb></usr/local/texlive/2008/texmf-dist/fonts/type1/bluesky/
cm/cmr7.pfb></usr/local/texlive/2008/texmf-dist/fonts/type1/bluesky/cm/cmr8.pfb
></usr/local/texlive/2008/texmf-dist/fonts/type1/bluesky/cm/cmss10.pfb></usr/lo
cal/texlive/2008/texmf-dist/fonts/type1/bluesky/cm/cmss12.pfb></usr/local/texli
ve/2008/texmf-dist/fonts/type1/bluesky/cm/cmss17.pfb></usr/local/texlive/2008/t
exmf-dist/fonts/type1/bluesky/cm/cmss8.pfb></usr/local/texlive/2008/texmf-dist/
fonts/type1/bluesky/cm/cmssbx10.pfb></usr/local/texlive/2008/texmf-dist/fonts/t
ype1/bluesky/cm/cmssi10.pfb></usr/local/texlive/2008/texmf-dist/fonts/type1/blu
esky/cm/cmssi8.pfb></usr/local/texlive/2008/texmf-dist/fonts/type1/bluesky/cm/c
msy10.pfb></usr/local/texlive/2008/texmf-dist/fonts/type1/bluesky/cm/cmsy8.pfb>
Output written on .FallDetectionAndroid.pdf (7 pages, 147525 bytes).
PDF statistics:
 95 PDF objects out of 1000 (max. 8388607)
 0 named destinations out of 1000 (max. 131072)
 6 words of extra memory for PDF output out of 10000 (max. 10000000)

